INFO:root:Opened database successfully
INFO:root:--------------------INTERFACE START----------------------------
DEBUG:PIL.PngImagePlugin:STREAM b'IHDR' 16 13
DEBUG:PIL.PngImagePlugin:STREAM b'gAMA' 41 4
DEBUG:PIL.PngImagePlugin:STREAM b'cHRM' 57 32
DEBUG:PIL.PngImagePlugin:STREAM b'pHYs' 101 9
DEBUG:PIL.PngImagePlugin:STREAM b'iTXt' 122 1039
DEBUG:PIL.PngImagePlugin:STREAM b'IDAT' 1173 835
INFO:root:--------------------TEMPERATURE START----------------------------
INFO:root:Temperature Sensor Thread Start
ERROR:root:Temperature Sensor Error
ERROR:root:Buttons Error
ERROR:root:GPS Read Error
ERROR:root:Buttons Error
ERROR:root:Buttons Error
ERROR:root:GPS Read Error
ERROR:root:Buttons Error
ERROR:root:Buttons Error
INFO:root:Successful Save
INFO:root:---------------------------END OF PROGRAM------------------------
INFO:root:Opened database successfully
INFO:root:--------------------INTERFACE START----------------------------
DEBUG:PIL.PngImagePlugin:STREAM b'IHDR' 16 13
DEBUG:PIL.PngImagePlugin:STREAM b'gAMA' 41 4
DEBUG:PIL.PngImagePlugin:STREAM b'cHRM' 57 32
DEBUG:PIL.PngImagePlugin:STREAM b'pHYs' 101 9
DEBUG:PIL.PngImagePlugin:STREAM b'iTXt' 122 1039
DEBUG:PIL.PngImagePlugin:STREAM b'IDAT' 1173 835
INFO:root:--------------------TEMPERATURE START----------------------------
INFO:root:Temperature Sensor Thread Start
ERROR:root:Temperature Sensor Error
ERROR:root:Buttons Error
ERROR:root:GPS Read Error
ERROR:root:Buttons Error
ERROR:root:Buttons Error
ERROR:root:GPS Read Error
ERROR:root:Buttons Error
ERROR:root:Buttons Error
ERROR:root:GPS Read Error
ERROR:root:Buttons Error
ERROR:root:Buttons Error
ERROR:root:GPS Read Error
ERROR:root:Buttons Error
ERROR:root:Buttons Error
ERROR:root:GPS Read Error
ERROR:root:Buttons Error
ERROR:root:Buttons Error
ERROR:root:GPS Read Error
ERROR:root:Buttons Error
ERROR:root:Buttons Error
ERROR:root:GPS Read Error
ERROR:root:Buttons Error
ERROR:root:Buttons Error
ERROR:root:GPS Read Error
ERROR:root:Buttons Error
ERROR:root:Buttons Error
ERROR:root:GPS Read Error
ERROR:root:Buttons Error
ERROR:root:Buttons Error
ERROR:root:Temperature Sensor Error
ERROR:root:GPS Read Error
ERROR:root:Buttons Error
ERROR:root:Buttons Error
INFO:root:Successful Save
INFO:root:---------------------------END OF PROGRAM------------------------
